2024-12-17T00:32:30.032+08:00  INFO 32880 --- [mountaineer-back] [restartedMain] c.e.m.MountaineerBackApplication         : Starting MountaineerBackApplication using Java 17.0.13 with PID 32880 (D:\Coding\CODE_IDEA\mountaineer-back\target\classes started by kelvi in D:\Coding\CODE_IDEA\mountaineer-back)
2024-12-17T00:32:30.033+08:00  INFO 32880 --- [mountaineer-back] [restartedMain] c.e.m.MountaineerBackApplication         : No active profile set, falling back to 1 default profile: "default"
2024-12-17T00:32:30.055+08:00  INFO 32880 --- [mountaineer-back] [restartedMain] .e.DevToolsPropertyDefaultsPostProcessor : Devtools property defaults active! Set 'spring.devtools.add-properties' to 'false' to disable
2024-12-17T00:32:30.056+08:00  INFO 32880 --- [mountaineer-back] [restartedMain] .e.DevToolsPropertyDefaultsPostProcessor : For additional web related logging consider setting the 'logging.level.web' property to 'DEBUG'
2024-12-17T00:32:30.352+08:00  INFO 32880 --- [mountaineer-back] [restartedMain] .s.d.r.c.RepositoryConfigurationDelegate : Bootstrapping Spring Data JPA repositories in DEFAULT mode.
2024-12-17T00:32:30.383+08:00  INFO 32880 --- [mountaineer-back] [restartedMain] .s.d.r.c.RepositoryConfigurationDelegate : Finished Spring Data repository scanning in 26 ms. Found 1 JPA repository interface.
2024-12-17T00:32:30.629+08:00  INFO 32880 --- [mountaineer-back] [restartedMain] o.s.b.w.embedded.tomcat.TomcatWebServer  : Tomcat initialized with port 8080 (http)
2024-12-17T00:32:30.636+08:00  INFO 32880 --- [mountaineer-back] [restartedMain] o.apache.catalina.core.StandardService   : Starting service [Tomcat]
2024-12-17T00:32:30.636+08:00  INFO 32880 --- [mountaineer-back] [restartedMain] o.apache.catalina.core.StandardEngine    : Starting Servlet engine: [Apache Tomcat/10.1.33]
2024-12-17T00:32:30.662+08:00  INFO 32880 --- [mountaineer-back] [restartedMain] o.a.c.c.C.[Tomcat].[localhost].[/]       : Initializing Spring embedded WebApplicationContext
2024-12-17T00:32:30.662+08:00  INFO 32880 --- [mountaineer-back] [restartedMain] w.s.c.ServletWebServerApplicationContext : Root WebApplicationContext: initialization completed in 600 ms
2024-12-17T00:32:30.735+08:00  INFO 32880 --- [mountaineer-back] [restartedMain] o.hibernate.jpa.internal.util.LogHelper  : HHH000204: Processing PersistenceUnitInfo [name: default]
2024-12-17T00:32:30.758+08:00  INFO 32880 --- [mountaineer-back] [restartedMain] org.hibernate.Version                    : HHH000412: Hibernate ORM core version 6.6.2.Final
2024-12-17T00:32:30.779+08:00  INFO 32880 --- [mountaineer-back] [restartedMain] o.h.c.internal.RegionFactoryInitiator    : HHH000026: Second-level cache disabled
2024-12-17T00:32:30.907+08:00  INFO 32880 --- [mountaineer-back] [restartedMain] o.s.o.j.p.SpringPersistenceUnitInfo      : No LoadTimeWeaver setup: ignoring JPA class transformer
2024-12-17T00:32:30.923+08:00  INFO 32880 --- [mountaineer-back] [restartedMain] com.zaxxer.hikari.HikariDataSource       : HikariPool-1 - Starting...
2024-12-17T00:32:30.996+08:00  INFO 32880 --- [mountaineer-back] [restartedMain] com.zaxxer.hikari.pool.HikariPool        : HikariPool-1 - Added connection com.mysql.cj.jdbc.ConnectionImpl@ea89feb
2024-12-17T00:32:30.997+08:00  INFO 32880 --- [mountaineer-back] [restartedMain] com.zaxxer.hikari.HikariDataSource       : HikariPool-1 - Start completed.
2024-12-17T00:32:31.039+08:00  INFO 32880 --- [mountaineer-back] [restartedMain] org.hibernate.orm.connections.pooling    : HHH10001005: Database info:
	Database JDBC URL [Connecting through datasource 'HikariDataSource (HikariPool-1)']
	Database driver: undefined/unknown
	Database version: 8.0.40
	Autocommit mode: undefined/unknown
	Isolation level: undefined/unknown
	Minimum pool size: undefined/unknown
	Maximum pool size: undefined/unknown
2024-12-17T00:32:31.497+08:00  INFO 32880 --- [mountaineer-back] [restartedMain] o.h.e.t.j.p.i.JtaPlatformInitiator       : HHH000489: No JTA platform available (set 'hibernate.transaction.jta.platform' to enable JTA platform integration)
2024-12-17T00:32:31.532+08:00  INFO 32880 --- [mountaineer-back] [restartedMain] j.LocalContainerEntityManagerFactoryBean : Initialized JPA EntityManagerFactory for persistence unit 'default'
2024-12-17T00:32:31.704+08:00  WARN 32880 --- [mountaineer-back] [restartedMain] JpaBaseConfiguration$JpaWebConfiguration : spring.jpa.open-in-view is enabled by default. Therefore, database queries may be performed during view rendering. Explicitly configure spring.jpa.open-in-view to disable this warning
2024-12-17T00:32:31.862+08:00  INFO 32880 --- [mountaineer-back] [restartedMain] o.s.b.d.a.OptionalLiveReloadServer       : LiveReload server is running on port 35729
2024-12-17T00:32:31.880+08:00  INFO 32880 --- [mountaineer-back] [restartedMain] o.s.b.w.embedded.tomcat.TomcatWebServer  : Tomcat started on port 8080 (http) with context path '/'
2024-12-17T00:32:31.885+08:00  INFO 32880 --- [mountaineer-back] [restartedMain] c.e.m.MountaineerBackApplication         : Started MountaineerBackApplication in 2.047 seconds (process running for 2.348)
2024-12-17T00:38:05.833+08:00  INFO 32880 --- [mountaineer-back] [File Watcher] rtingClassPathChangeChangedEventListener : Restarting due to 1 class path change (1 addition, 0 deletions, 0 modifications)
2024-12-17T00:38:05.836+08:00  INFO 32880 --- [mountaineer-back] [Thread-5] o.s.b.w.e.tomcat.GracefulShutdown        : Commencing graceful shutdown. Waiting for active requests to complete
2024-12-17T00:38:05.913+08:00  INFO 32880 --- [mountaineer-back] [tomcat-shutdown] o.s.b.w.e.tomcat.GracefulShutdown        : Graceful shutdown complete
2024-12-17T00:38:05.915+08:00  INFO 32880 --- [mountaineer-back] [Thread-5] j.LocalContainerEntityManagerFactoryBean : Closing JPA EntityManagerFactory for persistence unit 'default'
2024-12-17T00:38:05.917+08:00  INFO 32880 --- [mountaineer-back] [Thread-5] com.zaxxer.hikari.HikariDataSource       : HikariPool-1 - Shutdown initiated...
2024-12-17T00:38:05.920+08:00  INFO 32880 --- [mountaineer-back] [Thread-5] com.zaxxer.hikari.HikariDataSource       : HikariPool-1 - Shutdown completed.
